{"/home/extreme/Web-Practice/DustBinz-Backend/index.js": {"path":"/home/extreme/Web-Practice/DustBinz-Backend/index.js","statementMap":{"0":{"start":{"line":2,"column":16},"end":{"line":2,"column":34}},"1":{"start":{"line":3,"column":0},"end":{"line":3,"column":32}},"2":{"start":{"line":4,"column":0},"end":{"line":4,"column":27}},"3":{"start":{"line":5,"column":15},"end":{"line":5,"column":45}},"4":{"start":{"line":6,"column":12},"end":{"line":6,"column":21}},"5":{"start":{"line":9,"column":0},"end":{"line":9,"column":31}},"6":{"start":{"line":11,"column":0},"end":{"line":11,"column":26}},"7":{"start":{"line":13,"column":0},"end":{"line":13,"column":33}},"8":{"start":{"line":16,"column":13},"end":{"line":16,"column":29}},"9":{"start":{"line":17,"column":15},"end":{"line":19,"column":2}},"10":{"start":{"line":18,"column":4},"end":{"line":18,"column":48}},"11":{"start":{"line":21,"column":0},"end":{"line":21,"column":24}}},"fnMap":{"0":{"name":"(anonymous_0)","decl":{"start":{"line":17,"column":33},"end":{"line":17,"column":34}},"loc":{"start":{"line":17,"column":37},"end":{"line":19,"column":1}},"line":17}},"branchMap":{},"s":{"0":1,"1":1,"2":1,"3":1,"4":1,"5":1,"6":1,"7":1,"8":1,"9":1,"10":1,"11":1},"f":{"0":1},"b":{},"_coverageSchema":"1a1c01bbd47fc00a2c39e90264f33305004495a9","hash":"f2fc2bed55c7e99446ff1e13f4785bbbadc895d6"}
,"/home/extreme/Web-Practice/DustBinz-Backend/middleware/auth.js": {"path":"/home/extreme/Web-Practice/DustBinz-Backend/middleware/auth.js","statementMap":{"0":{"start":{"line":3,"column":12},"end":{"line":3,"column":35}},"1":{"start":{"line":4,"column":0},"end":{"line":4,"column":27}},"2":{"start":{"line":6,"column":0},"end":{"line":21,"column":1}},"3":{"start":{"line":7,"column":18},"end":{"line":7,"column":44}},"4":{"start":{"line":9,"column":4},"end":{"line":9,"column":79}},"5":{"start":{"line":9,"column":15},"end":{"line":9,"column":79}},"6":{"start":{"line":11,"column":4},"end":{"line":20,"column":5}},"7":{"start":{"line":13,"column":24},"end":{"line":13,"column":65}},"8":{"start":{"line":14,"column":8},"end":{"line":14,"column":27}},"9":{"start":{"line":15,"column":8},"end":{"line":15,"column":15}},"10":{"start":{"line":19,"column":8},"end":{"line":19,"column":46}}},"fnMap":{"0":{"name":"(anonymous_0)","decl":{"start":{"line":6,"column":17},"end":{"line":6,"column":18}},"loc":{"start":{"line":6,"column":36},"end":{"line":21,"column":1}},"line":6}},"branchMap":{"0":{"loc":{"start":{"line":9,"column":4},"end":{"line":9,"column":79}},"type":"if","locations":[{"start":{"line":9,"column":4},"end":{"line":9,"column":79}},{"start":{"line":9,"column":4},"end":{"line":9,"column":79}}],"line":9}},"s":{"0":1,"1":1,"2":1,"3":3,"4":3,"5":1,"6":2,"7":2,"8":1,"9":1,"10":1},"f":{"0":3},"b":{"0":[1,2]},"_coverageSchema":"1a1c01bbd47fc00a2c39e90264f33305004495a9","hash":"150a891df2fad282cf47cf7e06ffc85a14db1ea3"}
,"/home/extreme/Web-Practice/DustBinz-Backend/middleware/error.js": {"path":"/home/extreme/Web-Practice/DustBinz-Backend/middleware/error.js","statementMap":{"0":{"start":{"line":1,"column":15},"end":{"line":1,"column":34}},"1":{"start":{"line":3,"column":0},"end":{"line":7,"column":1}},"2":{"start":{"line":5,"column":4},"end":{"line":5,"column":35}},"3":{"start":{"line":6,"column":4},"end":{"line":6,"column":46}}},"fnMap":{"0":{"name":"(anonymous_0)","decl":{"start":{"line":3,"column":17},"end":{"line":3,"column":18}},"loc":{"start":{"line":3,"column":40},"end":{"line":7,"column":1}},"line":3}},"branchMap":{},"s":{"0":1,"1":1,"2":0,"3":0},"f":{"0":0},"b":{},"_coverageSchema":"1a1c01bbd47fc00a2c39e90264f33305004495a9","hash":"ee5f161c6efeb928328b8e01d574ba3e93f0e857"}
,"/home/extreme/Web-Practice/DustBinz-Backend/middleware/logger.js": {"path":"/home/extreme/Web-Practice/DustBinz-Backend/middleware/logger.js","statementMap":{"0":{"start":{"line":1,"column":16},"end":{"line":1,"column":34}},"1":{"start":{"line":2,"column":0},"end":{"line":2,"column":27}},"2":{"start":{"line":3,"column":22},"end":{"line":3,"column":47}},"3":{"start":{"line":5,"column":15},"end":{"line":16,"column":4}},"4":{"start":{"line":19,"column":0},"end":{"line":22,"column":4}},"5":{"start":{"line":20,"column":4},"end":{"line":22,"column":4}},"6":{"start":{"line":25,"column":16},"end":{"line":31,"column":1}},"7":{"start":{"line":32,"column":0},"end":{"line":32,"column":32}},"8":{"start":{"line":35,"column":0},"end":{"line":36,"column":43}},"9":{"start":{"line":36,"column":4},"end":{"line":36,"column":43}},"10":{"start":{"line":40,"column":0},"end":{"line":40,"column":24}}},"fnMap":{},"branchMap":{"0":{"loc":{"start":{"line":19,"column":0},"end":{"line":22,"column":4}},"type":"if","locations":[{"start":{"line":19,"column":0},"end":{"line":22,"column":4}},{"start":{"line":19,"column":0},"end":{"line":22,"column":4}}],"line":19},"1":{"loc":{"start":{"line":35,"column":0},"end":{"line":36,"column":43}},"type":"if","locations":[{"start":{"line":35,"column":0},"end":{"line":36,"column":43}},{"start":{"line":35,"column":0},"end":{"line":36,"column":43}}],"line":35}},"s":{"0":1,"1":1,"2":1,"3":1,"4":1,"5":1,"6":1,"7":1,"8":1,"9":0,"10":1},"f":{},"b":{"0":[1,0],"1":[0,1]},"_coverageSchema":"1a1c01bbd47fc00a2c39e90264f33305004495a9","hash":"9896be7090236e4516f988661418755c191e91fa"}
,"/home/extreme/Web-Practice/DustBinz-Backend/models/user.js": {"path":"/home/extreme/Web-Practice/DustBinz-Backend/models/user.js","statementMap":{"0":{"start":{"line":1,"column":17},"end":{"line":1,"column":34}},"1":{"start":{"line":2,"column":17},"end":{"line":2,"column":36}},"2":{"start":{"line":3,"column":12},"end":{"line":3,"column":26}},"3":{"start":{"line":4,"column":12},"end":{"line":4,"column":35}},"4":{"start":{"line":5,"column":0},"end":{"line":5,"column":27}},"5":{"start":{"line":6,"column":15},"end":{"line":6,"column":32}},"6":{"start":{"line":13,"column":19},"end":{"line":41,"column":2}},"7":{"start":{"line":48,"column":0},"end":{"line":54,"column":1}},"8":{"start":{"line":49,"column":18},"end":{"line":50,"column":31}},"9":{"start":{"line":52,"column":4},"end":{"line":52,"column":17}},"10":{"start":{"line":60,"column":0},"end":{"line":62,"column":1}},"11":{"start":{"line":61,"column":4},"end":{"line":61,"column":51}},"12":{"start":{"line":65,"column":14},"end":{"line":65,"column":48}},"13":{"start":{"line":71,"column":21},"end":{"line":80,"column":1}},"14":{"start":{"line":73,"column":19},"end":{"line":77,"column":6}},"15":{"start":{"line":79,"column":4},"end":{"line":79,"column":33}},"16":{"start":{"line":83,"column":0},"end":{"line":83,"column":20}},"17":{"start":{"line":84,"column":0},"end":{"line":84,"column":32}}},"fnMap":{"0":{"name":"(anonymous_0)","decl":{"start":{"line":48,"column":39},"end":{"line":48,"column":40}},"loc":{"start":{"line":48,"column":51},"end":{"line":54,"column":1}},"line":48},"1":{"name":"(anonymous_1)","decl":{"start":{"line":60,"column":38},"end":{"line":60,"column":39}},"loc":{"start":{"line":60,"column":58},"end":{"line":62,"column":1}},"line":60},"2":{"name":"(anonymous_2)","decl":{"start":{"line":71,"column":21},"end":{"line":71,"column":22}},"loc":{"start":{"line":71,"column":29},"end":{"line":80,"column":1}},"line":71}},"branchMap":{},"s":{"0":2,"1":2,"2":2,"3":2,"4":2,"5":2,"6":2,"7":2,"8":4,"9":4,"10":2,"11":0,"12":2,"13":2,"14":0,"15":0,"16":2,"17":2},"f":{"0":4,"1":0,"2":0},"b":{},"_coverageSchema":"1a1c01bbd47fc00a2c39e90264f33305004495a9","hash":"87c6baf12a13f2fcc1ce0b6ddfac683dc5afd31d"}
,"/home/extreme/Web-Practice/DustBinz-Backend/routes/auth.js": {"path":"/home/extreme/Web-Practice/DustBinz-Backend/routes/auth.js","statementMap":{"0":{"start":{"line":1,"column":16},"end":{"line":1,"column":34}},"1":{"start":{"line":2,"column":15},"end":{"line":2,"column":31}},"2":{"start":{"line":3,"column":15},"end":{"line":3,"column":40}},"3":{"start":{"line":4,"column":10},"end":{"line":4,"column":27}},"4":{"start":{"line":5,"column":15},"end":{"line":5,"column":32}},"5":{"start":{"line":6,"column":12},"end":{"line":6,"column":26}},"6":{"start":{"line":9,"column":0},"end":{"line":22,"column":2}},"7":{"start":{"line":11,"column":20},"end":{"line":11,"column":38}},"8":{"start":{"line":12,"column":4},"end":{"line":12,"column":68}},"9":{"start":{"line":12,"column":14},"end":{"line":12,"column":68}},"10":{"start":{"line":14,"column":15},"end":{"line":14,"column":58}},"11":{"start":{"line":15,"column":4},"end":{"line":15,"column":71}},"12":{"start":{"line":15,"column":14},"end":{"line":15,"column":71}},"13":{"start":{"line":17,"column":26},"end":{"line":17,"column":72}},"14":{"start":{"line":18,"column":4},"end":{"line":18,"column":80}},"15":{"start":{"line":18,"column":23},"end":{"line":18,"column":80}},"16":{"start":{"line":20,"column":18},"end":{"line":20,"column":42}},"17":{"start":{"line":21,"column":4},"end":{"line":21,"column":20}},"18":{"start":{"line":24,"column":17},"end":{"line":32,"column":1}},"19":{"start":{"line":26,"column":19},"end":{"line":29,"column":6}},"20":{"start":{"line":31,"column":4},"end":{"line":31,"column":32}},"21":{"start":{"line":34,"column":0},"end":{"line":34,"column":24}}},"fnMap":{"0":{"name":"(anonymous_0)","decl":{"start":{"line":9,"column":17},"end":{"line":9,"column":18}},"loc":{"start":{"line":9,"column":36},"end":{"line":22,"column":1}},"line":9},"1":{"name":"(anonymous_1)","decl":{"start":{"line":24,"column":17},"end":{"line":24,"column":18}},"loc":{"start":{"line":24,"column":24},"end":{"line":32,"column":1}},"line":24}},"branchMap":{"0":{"loc":{"start":{"line":12,"column":4},"end":{"line":12,"column":68}},"type":"if","locations":[{"start":{"line":12,"column":4},"end":{"line":12,"column":68}},{"start":{"line":12,"column":4},"end":{"line":12,"column":68}}],"line":12},"1":{"loc":{"start":{"line":15,"column":4},"end":{"line":15,"column":71}},"type":"if","locations":[{"start":{"line":15,"column":4},"end":{"line":15,"column":71}},{"start":{"line":15,"column":4},"end":{"line":15,"column":71}}],"line":15},"2":{"loc":{"start":{"line":18,"column":4},"end":{"line":18,"column":80}},"type":"if","locations":[{"start":{"line":18,"column":4},"end":{"line":18,"column":80}},{"start":{"line":18,"column":4},"end":{"line":18,"column":80}}],"line":18}},"s":{"0":1,"1":1,"2":1,"3":1,"4":1,"5":1,"6":1,"7":0,"8":0,"9":0,"10":0,"11":0,"12":0,"13":0,"14":0,"15":0,"16":0,"17":0,"18":1,"19":0,"20":0,"21":1},"f":{"0":0,"1":0},"b":{"0":[0,0],"1":[0,0],"2":[0,0]},"_coverageSchema":"1a1c01bbd47fc00a2c39e90264f33305004495a9","hash":"bfc3c01322c92ff0196ff75f896a0ff8222f4c12"}
,"/home/extreme/Web-Practice/DustBinz-Backend/routes/users.js": {"path":"/home/extreme/Web-Practice/DustBinz-Backend/routes/users.js","statementMap":{"0":{"start":{"line":1,"column":16},"end":{"line":1,"column":34}},"1":{"start":{"line":2,"column":15},"end":{"line":2,"column":31}},"2":{"start":{"line":3,"column":25},"end":{"line":3,"column":50}},"3":{"start":{"line":4,"column":10},"end":{"line":4,"column":27}},"4":{"start":{"line":5,"column":15},"end":{"line":5,"column":32}},"5":{"start":{"line":6,"column":13},"end":{"line":6,"column":42}},"6":{"start":{"line":13,"column":0},"end":{"line":36,"column":3}},"7":{"start":{"line":16,"column":20},"end":{"line":16,"column":38}},"8":{"start":{"line":18,"column":4},"end":{"line":18,"column":68}},"9":{"start":{"line":18,"column":14},"end":{"line":18,"column":68}},"10":{"start":{"line":20,"column":15},"end":{"line":20,"column":58}},"11":{"start":{"line":22,"column":4},"end":{"line":22,"column":68}},"12":{"start":{"line":22,"column":13},"end":{"line":22,"column":68}},"13":{"start":{"line":24,"column":4},"end":{"line":24,"column":69}},"14":{"start":{"line":27,"column":17},"end":{"line":27,"column":41}},"15":{"start":{"line":28,"column":4},"end":{"line":28,"column":60}},"16":{"start":{"line":30,"column":4},"end":{"line":30,"column":22}},"17":{"start":{"line":33,"column":18},"end":{"line":33,"column":42}},"18":{"start":{"line":35,"column":4},"end":{"line":35,"column":20}},"19":{"start":{"line":42,"column":0},"end":{"line":48,"column":3}},"20":{"start":{"line":45,"column":17},"end":{"line":45,"column":70}},"21":{"start":{"line":47,"column":4},"end":{"line":47,"column":19}},"22":{"start":{"line":52,"column":0},"end":{"line":52,"column":24}}},"fnMap":{"0":{"name":"(anonymous_0)","decl":{"start":{"line":13,"column":17},"end":{"line":13,"column":18}},"loc":{"start":{"line":13,"column":36},"end":{"line":36,"column":1}},"line":13},"1":{"name":"(anonymous_1)","decl":{"start":{"line":42,"column":24},"end":{"line":42,"column":25}},"loc":{"start":{"line":42,"column":43},"end":{"line":48,"column":1}},"line":42}},"branchMap":{"0":{"loc":{"start":{"line":18,"column":4},"end":{"line":18,"column":68}},"type":"if","locations":[{"start":{"line":18,"column":4},"end":{"line":18,"column":68}},{"start":{"line":18,"column":4},"end":{"line":18,"column":68}}],"line":18},"1":{"loc":{"start":{"line":22,"column":4},"end":{"line":22,"column":68}},"type":"if","locations":[{"start":{"line":22,"column":4},"end":{"line":22,"column":68}},{"start":{"line":22,"column":4},"end":{"line":22,"column":68}}],"line":22}},"s":{"0":1,"1":1,"2":1,"3":1,"4":1,"5":1,"6":1,"7":0,"8":0,"9":0,"10":0,"11":0,"12":0,"13":0,"14":0,"15":0,"16":0,"17":0,"18":0,"19":1,"20":1,"21":1,"22":1},"f":{"0":0,"1":1},"b":{"0":[0,0],"1":[0,0]},"_coverageSchema":"1a1c01bbd47fc00a2c39e90264f33305004495a9","hash":"f0ed8449c723679f2cd640555632272612257ccc"}
,"/home/extreme/Web-Practice/DustBinz-Backend/startup/db.js": {"path":"/home/extreme/Web-Practice/DustBinz-Backend/startup/db.js","statementMap":{"0":{"start":{"line":1,"column":17},"end":{"line":1,"column":36}},"1":{"start":{"line":2,"column":0},"end":{"line":2,"column":27}},"2":{"start":{"line":3,"column":15},"end":{"line":3,"column":46}},"3":{"start":{"line":5,"column":0},"end":{"line":12,"column":1}},"4":{"start":{"line":7,"column":4},"end":{"line":8,"column":34}},"5":{"start":{"line":7,"column":40},"end":{"line":7,"column":69}},"6":{"start":{"line":8,"column":10},"end":{"line":8,"column":34}},"7":{"start":{"line":9,"column":4},"end":{"line":11,"column":64}},"8":{"start":{"line":10,"column":19},"end":{"line":10,"column":52}},"9":{"start":{"line":11,"column":20},"end":{"line":11,"column":63}}},"fnMap":{"0":{"name":"(anonymous_0)","decl":{"start":{"line":5,"column":17},"end":{"line":5,"column":18}},"loc":{"start":{"line":5,"column":21},"end":{"line":12,"column":1}},"line":5},"1":{"name":"(anonymous_1)","decl":{"start":{"line":10,"column":14},"end":{"line":10,"column":15}},"loc":{"start":{"line":10,"column":19},"end":{"line":10,"column":52}},"line":10},"2":{"name":"(anonymous_2)","decl":{"start":{"line":11,"column":15},"end":{"line":11,"column":16}},"loc":{"start":{"line":11,"column":20},"end":{"line":11,"column":63}},"line":11}},"branchMap":{"0":{"loc":{"start":{"line":7,"column":4},"end":{"line":8,"column":34}},"type":"if","locations":[{"start":{"line":7,"column":4},"end":{"line":8,"column":34}},{"start":{"line":7,"column":4},"end":{"line":8,"column":34}}],"line":7}},"s":{"0":1,"1":1,"2":1,"3":1,"4":1,"5":1,"6":0,"7":1,"8":1,"9":0},"f":{"0":1,"1":1,"2":0},"b":{"0":[1,0]},"_coverageSchema":"1a1c01bbd47fc00a2c39e90264f33305004495a9","hash":"02df4cf2b6512b7f92e63d577d1d5f053fd9544c"}
,"/home/extreme/Web-Practice/DustBinz-Backend/startup/logging.js": {"path":"/home/extreme/Web-Practice/DustBinz-Backend/startup/logging.js","statementMap":{"0":{"start":{"line":1,"column":15},"end":{"line":1,"column":46}},"1":{"start":{"line":4,"column":0},"end":{"line":21,"column":1}},"2":{"start":{"line":7,"column":4},"end":{"line":12,"column":6}},"3":{"start":{"line":8,"column":8},"end":{"line":10,"column":11}},"4":{"start":{"line":9,"column":12},"end":{"line":9,"column":28}},"5":{"start":{"line":15,"column":4},"end":{"line":19,"column":6}},"6":{"start":{"line":16,"column":8},"end":{"line":18,"column":11}},"7":{"start":{"line":17,"column":12},"end":{"line":17,"column":28}}},"fnMap":{"0":{"name":"(anonymous_0)","decl":{"start":{"line":4,"column":17},"end":{"line":4,"column":18}},"loc":{"start":{"line":4,"column":29},"end":{"line":21,"column":1}},"line":4},"1":{"name":"(anonymous_1)","decl":{"start":{"line":7,"column":36},"end":{"line":7,"column":37}},"loc":{"start":{"line":7,"column":42},"end":{"line":12,"column":5}},"line":7},"2":{"name":"(anonymous_2)","decl":{"start":{"line":8,"column":36},"end":{"line":8,"column":37}},"loc":{"start":{"line":8,"column":40},"end":{"line":10,"column":9}},"line":8},"3":{"name":"(anonymous_3)","decl":{"start":{"line":15,"column":37},"end":{"line":15,"column":38}},"loc":{"start":{"line":15,"column":43},"end":{"line":19,"column":5}},"line":15},"4":{"name":"(anonymous_4)","decl":{"start":{"line":16,"column":36},"end":{"line":16,"column":37}},"loc":{"start":{"line":16,"column":40},"end":{"line":18,"column":9}},"line":16}},"branchMap":{},"s":{"0":1,"1":1,"2":1,"3":0,"4":0,"5":1,"6":0,"7":0},"f":{"0":1,"1":0,"2":0,"3":0,"4":0},"b":{},"_coverageSchema":"1a1c01bbd47fc00a2c39e90264f33305004495a9","hash":"145be614981bbd1551e6b4888e151ef344d7cc3e"}
,"/home/extreme/Web-Practice/DustBinz-Backend/startup/routes.js": {"path":"/home/extreme/Web-Practice/DustBinz-Backend/startup/routes.js","statementMap":{"0":{"start":{"line":1,"column":14},"end":{"line":1,"column":40}},"1":{"start":{"line":2,"column":13},"end":{"line":2,"column":38}},"2":{"start":{"line":3,"column":14},"end":{"line":3,"column":44}},"3":{"start":{"line":4,"column":16},"end":{"line":4,"column":34}},"4":{"start":{"line":6,"column":0},"end":{"line":12,"column":1}},"5":{"start":{"line":7,"column":4},"end":{"line":7,"column":28}},"6":{"start":{"line":9,"column":4},"end":{"line":9,"column":33}},"7":{"start":{"line":10,"column":4},"end":{"line":10,"column":31}},"8":{"start":{"line":11,"column":4},"end":{"line":11,"column":19}}},"fnMap":{"0":{"name":"(anonymous_0)","decl":{"start":{"line":6,"column":17},"end":{"line":6,"column":18}},"loc":{"start":{"line":6,"column":24},"end":{"line":12,"column":1}},"line":6}},"branchMap":{},"s":{"0":1,"1":1,"2":1,"3":1,"4":1,"5":1,"6":1,"7":1,"8":1},"f":{"0":1},"b":{},"_coverageSchema":"1a1c01bbd47fc00a2c39e90264f33305004495a9","hash":"01c67d5c0d8cd9ce0cea5bedf49cf743c047ba99"}
}
