{"/home/extreme/Web-Practice/DustBinz-Backend/index.js": {"path":"/home/extreme/Web-Practice/DustBinz-Backend/index.js","statementMap":{"0":{"start":{"line":2,"column":16},"end":{"line":2,"column":34}},"1":{"start":{"line":3,"column":0},"end":{"line":3,"column":32}},"2":{"start":{"line":4,"column":0},"end":{"line":4,"column":27}},"3":{"start":{"line":5,"column":15},"end":{"line":5,"column":45}},"4":{"start":{"line":6,"column":12},"end":{"line":6,"column":21}},"5":{"start":{"line":7,"column":22},"end":{"line":7,"column":50}},"6":{"start":{"line":8,"column":17},"end":{"line":8,"column":36}},"7":{"start":{"line":11,"column":0},"end":{"line":11,"column":31}},"8":{"start":{"line":13,"column":0},"end":{"line":13,"column":26}},"9":{"start":{"line":15,"column":0},"end":{"line":15,"column":31}},"10":{"start":{"line":18,"column":0},"end":{"line":18,"column":33}},"11":{"start":{"line":20,"column":13},"end":{"line":20,"column":29}},"12":{"start":{"line":21,"column":15},"end":{"line":23,"column":2}},"13":{"start":{"line":22,"column":4},"end":{"line":22,"column":48}},"14":{"start":{"line":25,"column":0},"end":{"line":25,"column":24}}},"fnMap":{"0":{"name":"(anonymous_0)","decl":{"start":{"line":21,"column":33},"end":{"line":21,"column":34}},"loc":{"start":{"line":21,"column":37},"end":{"line":23,"column":1}},"line":21}},"branchMap":{},"s":{"0":2,"1":2,"2":2,"3":2,"4":2,"5":2,"6":2,"7":2,"8":2,"9":2,"10":2,"11":2,"12":2,"13":2,"14":2},"f":{"0":2},"b":{},"_coverageSchema":"1a1c01bbd47fc00a2c39e90264f33305004495a9","hash":"941e57b59d8a32beab3577c23e5574a52b82847d"}
,"/home/extreme/Web-Practice/DustBinz-Backend/config/passport.js": {"path":"/home/extreme/Web-Practice/DustBinz-Backend/config/passport.js","statementMap":{"0":{"start":{"line":1,"column":17},"end":{"line":1,"column":36}},"1":{"start":{"line":2,"column":23},"end":{"line":2,"column":57}},"2":{"start":{"line":3,"column":0},"end":{"line":3,"column":27}},"3":{"start":{"line":4,"column":15},"end":{"line":4,"column":40}},"4":{"start":{"line":5,"column":16},"end":{"line":5,"column":44}},"5":{"start":{"line":6,"column":15},"end":{"line":6,"column":32}},"6":{"start":{"line":8,"column":0},"end":{"line":44,"column":1}},"7":{"start":{"line":16,"column":4},"end":{"line":22,"column":5}},"8":{"start":{"line":18,"column":19},"end":{"line":18,"column":61}},"9":{"start":{"line":19,"column":8},"end":{"line":19,"column":41}},"10":{"start":{"line":19,"column":17},"end":{"line":19,"column":41}},"11":{"start":{"line":21,"column":8},"end":{"line":21,"column":33}},"12":{"start":{"line":24,"column":4},"end":{"line":42,"column":5}},"13":{"start":{"line":26,"column":25},"end":{"line":29,"column":10}},"14":{"start":{"line":30,"column":8},"end":{"line":35,"column":11}},"15":{"start":{"line":36,"column":21},"end":{"line":36,"column":45}},"16":{"start":{"line":37,"column":8},"end":{"line":37,"column":64}},"17":{"start":{"line":38,"column":8},"end":{"line":38,"column":26}},"18":{"start":{"line":39,"column":8},"end":{"line":39,"column":32}},"19":{"start":{"line":41,"column":8},"end":{"line":41,"column":34}}},"fnMap":{"0":{"name":"(anonymous_0)","decl":{"start":{"line":14,"column":2},"end":{"line":14,"column":3}},"loc":{"start":{"line":14,"column":52},"end":{"line":43,"column":1}},"line":14}},"branchMap":{"0":{"loc":{"start":{"line":19,"column":8},"end":{"line":19,"column":41}},"type":"if","locations":[{"start":{"line":19,"column":8},"end":{"line":19,"column":41}},{"start":{"line":19,"column":8},"end":{"line":19,"column":41}}],"line":19}},"s":{"0":2,"1":2,"2":2,"3":2,"4":2,"5":2,"6":2,"7":0,"8":0,"9":0,"10":0,"11":0,"12":0,"13":0,"14":0,"15":0,"16":0,"17":0,"18":0,"19":0},"f":{"0":0},"b":{"0":[0,0]},"_coverageSchema":"1a1c01bbd47fc00a2c39e90264f33305004495a9","hash":"c74af57b7e1efa8503c9fe8e938cea854ab9df13"}
,"/home/extreme/Web-Practice/DustBinz-Backend/middleware/auth.js": {"path":"/home/extreme/Web-Practice/DustBinz-Backend/middleware/auth.js","statementMap":{"0":{"start":{"line":3,"column":12},"end":{"line":3,"column":35}},"1":{"start":{"line":4,"column":0},"end":{"line":4,"column":27}},"2":{"start":{"line":6,"column":0},"end":{"line":21,"column":1}},"3":{"start":{"line":7,"column":18},"end":{"line":7,"column":44}},"4":{"start":{"line":9,"column":4},"end":{"line":9,"column":87}},"5":{"start":{"line":9,"column":15},"end":{"line":9,"column":87}},"6":{"start":{"line":11,"column":4},"end":{"line":20,"column":5}},"7":{"start":{"line":13,"column":24},"end":{"line":13,"column":65}},"8":{"start":{"line":14,"column":8},"end":{"line":14,"column":27}},"9":{"start":{"line":15,"column":8},"end":{"line":15,"column":15}},"10":{"start":{"line":19,"column":8},"end":{"line":19,"column":54}}},"fnMap":{"0":{"name":"(anonymous_0)","decl":{"start":{"line":6,"column":17},"end":{"line":6,"column":18}},"loc":{"start":{"line":6,"column":36},"end":{"line":21,"column":1}},"line":6}},"branchMap":{"0":{"loc":{"start":{"line":9,"column":4},"end":{"line":9,"column":87}},"type":"if","locations":[{"start":{"line":9,"column":4},"end":{"line":9,"column":87}},{"start":{"line":9,"column":4},"end":{"line":9,"column":87}}],"line":9}},"s":{"0":2,"1":2,"2":2,"3":10,"4":10,"5":1,"6":9,"7":9,"8":8,"9":8,"10":1},"f":{"0":10},"b":{"0":[1,9]},"_coverageSchema":"1a1c01bbd47fc00a2c39e90264f33305004495a9","hash":"7ae127c64977cc4ac3c3f3e78e7a55be2e3734d6"}
,"/home/extreme/Web-Practice/DustBinz-Backend/middleware/error.js": {"path":"/home/extreme/Web-Practice/DustBinz-Backend/middleware/error.js","statementMap":{"0":{"start":{"line":1,"column":15},"end":{"line":1,"column":34}},"1":{"start":{"line":3,"column":0},"end":{"line":11,"column":1}},"2":{"start":{"line":5,"column":4},"end":{"line":5,"column":35}},"3":{"start":{"line":6,"column":21},"end":{"line":6,"column":70}},"4":{"start":{"line":7,"column":4},"end":{"line":9,"column":6}},"5":{"start":{"line":10,"column":4},"end":{"line":10,"column":97}}},"fnMap":{"0":{"name":"(anonymous_0)","decl":{"start":{"line":3,"column":17},"end":{"line":3,"column":18}},"loc":{"start":{"line":3,"column":40},"end":{"line":11,"column":1}},"line":3}},"branchMap":{},"s":{"0":2,"1":2,"2":0,"3":0,"4":0,"5":0},"f":{"0":0},"b":{},"_coverageSchema":"1a1c01bbd47fc00a2c39e90264f33305004495a9","hash":"8130322c3755835ba24c662907988a392a5b8fb3"}
,"/home/extreme/Web-Practice/DustBinz-Backend/middleware/logger.js": {"path":"/home/extreme/Web-Practice/DustBinz-Backend/middleware/logger.js","statementMap":{"0":{"start":{"line":1,"column":16},"end":{"line":1,"column":34}},"1":{"start":{"line":2,"column":0},"end":{"line":2,"column":27}},"2":{"start":{"line":3,"column":22},"end":{"line":3,"column":47}},"3":{"start":{"line":5,"column":15},"end":{"line":16,"column":4}},"4":{"start":{"line":19,"column":0},"end":{"line":22,"column":4}},"5":{"start":{"line":20,"column":4},"end":{"line":22,"column":4}},"6":{"start":{"line":25,"column":16},"end":{"line":31,"column":1}},"7":{"start":{"line":32,"column":0},"end":{"line":32,"column":32}},"8":{"start":{"line":35,"column":0},"end":{"line":36,"column":43}},"9":{"start":{"line":36,"column":4},"end":{"line":36,"column":43}},"10":{"start":{"line":40,"column":0},"end":{"line":40,"column":24}}},"fnMap":{},"branchMap":{"0":{"loc":{"start":{"line":19,"column":0},"end":{"line":22,"column":4}},"type":"if","locations":[{"start":{"line":19,"column":0},"end":{"line":22,"column":4}},{"start":{"line":19,"column":0},"end":{"line":22,"column":4}}],"line":19},"1":{"loc":{"start":{"line":35,"column":0},"end":{"line":36,"column":43}},"type":"if","locations":[{"start":{"line":35,"column":0},"end":{"line":36,"column":43}},{"start":{"line":35,"column":0},"end":{"line":36,"column":43}}],"line":35}},"s":{"0":2,"1":2,"2":2,"3":2,"4":2,"5":2,"6":2,"7":2,"8":2,"9":0,"10":2},"f":{},"b":{"0":[2,0],"1":[0,2]},"_coverageSchema":"1a1c01bbd47fc00a2c39e90264f33305004495a9","hash":"9896be7090236e4516f988661418755c191e91fa"}
,"/home/extreme/Web-Practice/DustBinz-Backend/models/bin.js": {"path":"/home/extreme/Web-Practice/DustBinz-Backend/models/bin.js","statementMap":{"0":{"start":{"line":1,"column":17},"end":{"line":1,"column":36}},"1":{"start":{"line":2,"column":15},"end":{"line":2,"column":30}},"2":{"start":{"line":3,"column":12},"end":{"line":3,"column":26}},"3":{"start":{"line":5,"column":18},"end":{"line":43,"column":2}},"4":{"start":{"line":26,"column":34},"end":{"line":26,"column":56}},"5":{"start":{"line":45,"column":12},"end":{"line":45,"column":44}},"6":{"start":{"line":52,"column":20},"end":{"line":62,"column":1}},"7":{"start":{"line":54,"column":19},"end":{"line":59,"column":6}},"8":{"start":{"line":61,"column":4},"end":{"line":61,"column":32}},"9":{"start":{"line":64,"column":0},"end":{"line":64,"column":18}},"10":{"start":{"line":65,"column":0},"end":{"line":65,"column":31}}},"fnMap":{"0":{"name":"(anonymous_0)","decl":{"start":{"line":26,"column":23},"end":{"line":26,"column":24}},"loc":{"start":{"line":26,"column":34},"end":{"line":26,"column":56}},"line":26},"1":{"name":"(anonymous_1)","decl":{"start":{"line":52,"column":20},"end":{"line":52,"column":21}},"loc":{"start":{"line":52,"column":27},"end":{"line":62,"column":1}},"line":52}},"branchMap":{"0":{"loc":{"start":{"line":26,"column":34},"end":{"line":26,"column":56}},"type":"binary-expr","locations":[{"start":{"line":26,"column":34},"end":{"line":26,"column":43}},{"start":{"line":26,"column":47},"end":{"line":26,"column":56}}],"line":26}},"s":{"0":2,"1":2,"2":2,"3":2,"4":3,"5":2,"6":2,"7":7,"8":7,"9":2,"10":2},"f":{"0":3,"1":7},"b":{"0":[3,3]},"_coverageSchema":"1a1c01bbd47fc00a2c39e90264f33305004495a9","hash":"a00e8ade69dce793ed36f6a3bc4c0a5f5cab5596"}
,"/home/extreme/Web-Practice/DustBinz-Backend/models/user.js": {"path":"/home/extreme/Web-Practice/DustBinz-Backend/models/user.js","statementMap":{"0":{"start":{"line":1,"column":17},"end":{"line":1,"column":34}},"1":{"start":{"line":2,"column":17},"end":{"line":2,"column":36}},"2":{"start":{"line":3,"column":12},"end":{"line":3,"column":26}},"3":{"start":{"line":4,"column":12},"end":{"line":4,"column":35}},"4":{"start":{"line":5,"column":0},"end":{"line":5,"column":27}},"5":{"start":{"line":6,"column":15},"end":{"line":6,"column":32}},"6":{"start":{"line":13,"column":19},"end":{"line":60,"column":2}},"7":{"start":{"line":63,"column":0},"end":{"line":66,"column":3}},"8":{"start":{"line":65,"column":4},"end":{"line":65,"column":64}},"9":{"start":{"line":73,"column":0},"end":{"line":85,"column":1}},"10":{"start":{"line":74,"column":18},"end":{"line":81,"column":31}},"11":{"start":{"line":83,"column":4},"end":{"line":83,"column":17}},"12":{"start":{"line":91,"column":0},"end":{"line":93,"column":1}},"13":{"start":{"line":92,"column":4},"end":{"line":92,"column":51}},"14":{"start":{"line":96,"column":14},"end":{"line":96,"column":48}},"15":{"start":{"line":102,"column":21},"end":{"line":111,"column":1}},"16":{"start":{"line":104,"column":19},"end":{"line":108,"column":6}},"17":{"start":{"line":110,"column":4},"end":{"line":110,"column":33}},"18":{"start":{"line":113,"column":25},"end":{"line":121,"column":1}},"19":{"start":{"line":115,"column":19},"end":{"line":118,"column":6}},"20":{"start":{"line":120,"column":4},"end":{"line":120,"column":37}},"21":{"start":{"line":123,"column":21},"end":{"line":130,"column":1}},"22":{"start":{"line":124,"column":19},"end":{"line":127,"column":6}},"23":{"start":{"line":129,"column":4},"end":{"line":129,"column":33}},"24":{"start":{"line":133,"column":0},"end":{"line":133,"column":20}},"25":{"start":{"line":134,"column":0},"end":{"line":134,"column":32}},"26":{"start":{"line":135,"column":0},"end":{"line":135,"column":44}},"27":{"start":{"line":136,"column":0},"end":{"line":136,"column":36}}},"fnMap":{"0":{"name":"(anonymous_0)","decl":{"start":{"line":63,"column":35},"end":{"line":63,"column":36}},"loc":{"start":{"line":63,"column":46},"end":{"line":66,"column":1}},"line":63},"1":{"name":"(anonymous_1)","decl":{"start":{"line":73,"column":39},"end":{"line":73,"column":40}},"loc":{"start":{"line":73,"column":51},"end":{"line":85,"column":1}},"line":73},"2":{"name":"(anonymous_2)","decl":{"start":{"line":91,"column":38},"end":{"line":91,"column":39}},"loc":{"start":{"line":91,"column":58},"end":{"line":93,"column":1}},"line":91},"3":{"name":"(anonymous_3)","decl":{"start":{"line":102,"column":21},"end":{"line":102,"column":22}},"loc":{"start":{"line":102,"column":29},"end":{"line":111,"column":1}},"line":102},"4":{"name":"(anonymous_4)","decl":{"start":{"line":113,"column":25},"end":{"line":113,"column":26}},"loc":{"start":{"line":113,"column":37},"end":{"line":121,"column":1}},"line":113},"5":{"name":"(anonymous_5)","decl":{"start":{"line":123,"column":21},"end":{"line":123,"column":22}},"loc":{"start":{"line":123,"column":29},"end":{"line":130,"column":1}},"line":123}},"branchMap":{},"s":{"0":3,"1":3,"2":3,"3":3,"4":3,"5":3,"6":3,"7":3,"8":0,"9":3,"10":11,"11":11,"12":3,"13":0,"14":3,"15":3,"16":0,"17":0,"18":3,"19":0,"20":0,"21":3,"22":0,"23":0,"24":3,"25":3,"26":3,"27":3},"f":{"0":0,"1":11,"2":0,"3":0,"4":0,"5":0},"b":{},"_coverageSchema":"1a1c01bbd47fc00a2c39e90264f33305004495a9","hash":"7822cf9c5622d627e86ff4159d62b44957f197af"}
,"/home/extreme/Web-Practice/DustBinz-Backend/routes/auth.js": {"path":"/home/extreme/Web-Practice/DustBinz-Backend/routes/auth.js","statementMap":{"0":{"start":{"line":1,"column":16},"end":{"line":1,"column":34}},"1":{"start":{"line":2,"column":15},"end":{"line":2,"column":31}},"2":{"start":{"line":3,"column":15},"end":{"line":3,"column":40}},"3":{"start":{"line":4,"column":10},"end":{"line":4,"column":27}},"4":{"start":{"line":5,"column":12},"end":{"line":5,"column":26}},"5":{"start":{"line":6,"column":17},"end":{"line":6,"column":36}},"6":{"start":{"line":8,"column":0},"end":{"line":21,"column":2}},"7":{"start":{"line":10,"column":20},"end":{"line":10,"column":38}},"8":{"start":{"line":11,"column":4},"end":{"line":11,"column":76}},"9":{"start":{"line":11,"column":14},"end":{"line":11,"column":76}},"10":{"start":{"line":13,"column":15},"end":{"line":13,"column":58}},"11":{"start":{"line":14,"column":4},"end":{"line":14,"column":79}},"12":{"start":{"line":14,"column":14},"end":{"line":14,"column":79}},"13":{"start":{"line":16,"column":26},"end":{"line":16,"column":72}},"14":{"start":{"line":17,"column":4},"end":{"line":17,"column":88}},"15":{"start":{"line":17,"column":23},"end":{"line":17,"column":88}},"16":{"start":{"line":19,"column":18},"end":{"line":19,"column":42}},"17":{"start":{"line":20,"column":4},"end":{"line":20,"column":28}},"18":{"start":{"line":24,"column":0},"end":{"line":34,"column":2}},"19":{"start":{"line":28,"column":21},"end":{"line":28,"column":70}},"20":{"start":{"line":30,"column":4},"end":{"line":30,"column":86}},"21":{"start":{"line":30,"column":18},"end":{"line":30,"column":86}},"22":{"start":{"line":31,"column":18},"end":{"line":31,"column":46}},"23":{"start":{"line":33,"column":4},"end":{"line":33,"column":53}},"24":{"start":{"line":36,"column":17},"end":{"line":44,"column":1}},"25":{"start":{"line":38,"column":19},"end":{"line":41,"column":6}},"26":{"start":{"line":43,"column":4},"end":{"line":43,"column":32}},"27":{"start":{"line":46,"column":0},"end":{"line":46,"column":24}}},"fnMap":{"0":{"name":"(anonymous_0)","decl":{"start":{"line":8,"column":17},"end":{"line":8,"column":18}},"loc":{"start":{"line":8,"column":36},"end":{"line":21,"column":1}},"line":8},"1":{"name":"(anonymous_1)","decl":{"start":{"line":26,"column":0},"end":{"line":26,"column":1}},"loc":{"start":{"line":26,"column":12},"end":{"line":34,"column":1}},"line":26},"2":{"name":"(anonymous_2)","decl":{"start":{"line":36,"column":17},"end":{"line":36,"column":18}},"loc":{"start":{"line":36,"column":24},"end":{"line":44,"column":1}},"line":36}},"branchMap":{"0":{"loc":{"start":{"line":11,"column":4},"end":{"line":11,"column":76}},"type":"if","locations":[{"start":{"line":11,"column":4},"end":{"line":11,"column":76}},{"start":{"line":11,"column":4},"end":{"line":11,"column":76}}],"line":11},"1":{"loc":{"start":{"line":14,"column":4},"end":{"line":14,"column":79}},"type":"if","locations":[{"start":{"line":14,"column":4},"end":{"line":14,"column":79}},{"start":{"line":14,"column":4},"end":{"line":14,"column":79}}],"line":14},"2":{"loc":{"start":{"line":17,"column":4},"end":{"line":17,"column":88}},"type":"if","locations":[{"start":{"line":17,"column":4},"end":{"line":17,"column":88}},{"start":{"line":17,"column":4},"end":{"line":17,"column":88}}],"line":17},"3":{"loc":{"start":{"line":30,"column":4},"end":{"line":30,"column":86}},"type":"if","locations":[{"start":{"line":30,"column":4},"end":{"line":30,"column":86}},{"start":{"line":30,"column":4},"end":{"line":30,"column":86}}],"line":30}},"s":{"0":2,"1":2,"2":2,"3":2,"4":2,"5":2,"6":2,"7":0,"8":0,"9":0,"10":0,"11":0,"12":0,"13":0,"14":0,"15":0,"16":0,"17":0,"18":2,"19":0,"20":0,"21":0,"22":0,"23":0,"24":2,"25":0,"26":0,"27":2},"f":{"0":0,"1":0,"2":0},"b":{"0":[0,0],"1":[0,0],"2":[0,0],"3":[0,0]},"_coverageSchema":"1a1c01bbd47fc00a2c39e90264f33305004495a9","hash":"b910ef4578c820047d1c2a42f7a25f6d7937c374"}
,"/home/extreme/Web-Practice/DustBinz-Backend/routes/bins.js": {"path":"/home/extreme/Web-Practice/DustBinz-Backend/routes/bins.js","statementMap":{"0":{"start":{"line":1,"column":16},"end":{"line":1,"column":34}},"1":{"start":{"line":2,"column":15},"end":{"line":2,"column":31}},"2":{"start":{"line":3,"column":24},"end":{"line":3,"column":48}},"3":{"start":{"line":4,"column":10},"end":{"line":4,"column":27}},"4":{"start":{"line":5,"column":13},"end":{"line":5,"column":42}},"5":{"start":{"line":6,"column":17},"end":{"line":6,"column":42}},"6":{"start":{"line":13,"column":0},"end":{"line":33,"column":3}},"7":{"start":{"line":15,"column":20},"end":{"line":15,"column":38}},"8":{"start":{"line":17,"column":4},"end":{"line":17,"column":76}},"9":{"start":{"line":17,"column":14},"end":{"line":17,"column":76}},"10":{"start":{"line":19,"column":16},"end":{"line":19,"column":86}},"11":{"start":{"line":21,"column":17},"end":{"line":21,"column":50}},"12":{"start":{"line":22,"column":4},"end":{"line":22,"column":27}},"13":{"start":{"line":24,"column":4},"end":{"line":24,"column":27}},"14":{"start":{"line":25,"column":4},"end":{"line":28,"column":7}},"15":{"start":{"line":30,"column":4},"end":{"line":30,"column":49}},"16":{"start":{"line":32,"column":4},"end":{"line":32,"column":31}},"17":{"start":{"line":36,"column":0},"end":{"line":36,"column":24}}},"fnMap":{"0":{"name":"(anonymous_0)","decl":{"start":{"line":13,"column":23},"end":{"line":13,"column":24}},"loc":{"start":{"line":13,"column":41},"end":{"line":33,"column":1}},"line":13}},"branchMap":{"0":{"loc":{"start":{"line":17,"column":4},"end":{"line":17,"column":76}},"type":"if","locations":[{"start":{"line":17,"column":4},"end":{"line":17,"column":76}},{"start":{"line":17,"column":4},"end":{"line":17,"column":76}}],"line":17}},"s":{"0":2,"1":2,"2":2,"3":2,"4":2,"5":2,"6":2,"7":7,"8":7,"9":4,"10":3,"11":3,"12":3,"13":3,"14":3,"15":3,"16":3,"17":2},"f":{"0":7},"b":{"0":[4,3]},"_coverageSchema":"1a1c01bbd47fc00a2c39e90264f33305004495a9","hash":"59a080189b46d4cf74bf31ed47017593ba9c8ecc"}
,"/home/extreme/Web-Practice/DustBinz-Backend/routes/upload.js": {"path":"/home/extreme/Web-Practice/DustBinz-Backend/routes/upload.js","statementMap":{"0":{"start":{"line":1,"column":16},"end":{"line":1,"column":34}},"1":{"start":{"line":2,"column":15},"end":{"line":2,"column":31}},"2":{"start":{"line":3,"column":15},"end":{"line":3,"column":32}},"3":{"start":{"line":5,"column":28},"end":{"line":5,"column":57}},"4":{"start":{"line":6,"column":0},"end":{"line":6,"column":27}},"5":{"start":{"line":7,"column":23},"end":{"line":7,"column":38}},"6":{"start":{"line":8,"column":13},"end":{"line":8,"column":42}},"7":{"start":{"line":9,"column":15},"end":{"line":9,"column":40}},"8":{"start":{"line":11,"column":19},"end":{"line":11,"column":42}},"9":{"start":{"line":12,"column":15},"end":{"line":12,"column":33}},"10":{"start":{"line":17,"column":16},"end":{"line":21,"column":2}},"11":{"start":{"line":19,"column":8},"end":{"line":19,"column":21}},"12":{"start":{"line":24,"column":15},"end":{"line":24,"column":48}},"13":{"start":{"line":27,"column":11},"end":{"line":27,"column":41}},"14":{"start":{"line":35,"column":0},"end":{"line":77,"column":3}},"15":{"start":{"line":37,"column":4},"end":{"line":37,"column":77}},"16":{"start":{"line":37,"column":18},"end":{"line":37,"column":77}},"17":{"start":{"line":39,"column":15},"end":{"line":39,"column":47}},"18":{"start":{"line":40,"column":21},"end":{"line":40,"column":42}},"19":{"start":{"line":41,"column":16},"end":{"line":41,"column":52}},"20":{"start":{"line":42,"column":19},"end":{"line":48,"column":5}},"21":{"start":{"line":50,"column":17},"end":{"line":50,"column":60}},"22":{"start":{"line":51,"column":15},"end":{"line":51,"column":48}},"23":{"start":{"line":53,"column":4},"end":{"line":75,"column":117}},"24":{"start":{"line":56,"column":8},"end":{"line":71,"column":9}},"25":{"start":{"line":57,"column":12},"end":{"line":58,"column":46}},"26":{"start":{"line":61,"column":30},"end":{"line":64,"column":13}},"27":{"start":{"line":65,"column":12},"end":{"line":65,"column":62}},"28":{"start":{"line":67,"column":12},"end":{"line":68,"column":46}},"29":{"start":{"line":72,"column":22},"end":{"line":72,"column":46}},"30":{"start":{"line":73,"column":8},"end":{"line":73,"column":39}},"31":{"start":{"line":75,"column":9},"end":{"line":75,"column":117}},"32":{"start":{"line":81,"column":0},"end":{"line":81,"column":24}}},"fnMap":{"0":{"name":"(anonymous_0)","decl":{"start":{"line":18,"column":17},"end":{"line":18,"column":18}},"loc":{"start":{"line":18,"column":41},"end":{"line":20,"column":5}},"line":18},"1":{"name":"(anonymous_1)","decl":{"start":{"line":35,"column":41},"end":{"line":35,"column":42}},"loc":{"start":{"line":35,"column":60},"end":{"line":77,"column":1}},"line":35}},"branchMap":{"0":{"loc":{"start":{"line":37,"column":4},"end":{"line":37,"column":77}},"type":"if","locations":[{"start":{"line":37,"column":4},"end":{"line":37,"column":77}},{"start":{"line":37,"column":4},"end":{"line":37,"column":77}}],"line":37},"1":{"loc":{"start":{"line":53,"column":4},"end":{"line":75,"column":117}},"type":"if","locations":[{"start":{"line":53,"column":4},"end":{"line":75,"column":117}},{"start":{"line":53,"column":4},"end":{"line":75,"column":117}}],"line":53},"2":{"loc":{"start":{"line":56,"column":8},"end":{"line":71,"column":9}},"type":"if","locations":[{"start":{"line":56,"column":8},"end":{"line":71,"column":9}},{"start":{"line":56,"column":8},"end":{"line":71,"column":9}}],"line":56}},"s":{"0":2,"1":2,"2":2,"3":2,"4":2,"5":2,"6":2,"7":2,"8":2,"9":2,"10":2,"11":0,"12":2,"13":2,"14":2,"15":0,"16":0,"17":0,"18":0,"19":0,"20":0,"21":0,"22":0,"23":0,"24":0,"25":0,"26":0,"27":0,"28":0,"29":0,"30":0,"31":0,"32":2},"f":{"0":0,"1":0},"b":{"0":[0,0],"1":[0,0],"2":[0,0]},"_coverageSchema":"1a1c01bbd47fc00a2c39e90264f33305004495a9","hash":"d8c48bc503e79c9806ceb492d2d1bf3d1cbb8b9c"}
,"/home/extreme/Web-Practice/DustBinz-Backend/routes/users.js": {"path":"/home/extreme/Web-Practice/DustBinz-Backend/routes/users.js","statementMap":{"0":{"start":{"line":1,"column":16},"end":{"line":1,"column":34}},"1":{"start":{"line":2,"column":15},"end":{"line":2,"column":31}},"2":{"start":{"line":6,"column":20},"end":{"line":6,"column":45}},"3":{"start":{"line":7,"column":10},"end":{"line":7,"column":27}},"4":{"start":{"line":8,"column":15},"end":{"line":8,"column":32}},"5":{"start":{"line":9,"column":13},"end":{"line":9,"column":42}},"6":{"start":{"line":10,"column":17},"end":{"line":10,"column":36}},"7":{"start":{"line":11,"column":0},"end":{"line":11,"column":24}},"8":{"start":{"line":18,"column":0},"end":{"line":41,"column":3}},"9":{"start":{"line":21,"column":20},"end":{"line":21,"column":38}},"10":{"start":{"line":23,"column":4},"end":{"line":23,"column":76}},"11":{"start":{"line":23,"column":14},"end":{"line":23,"column":76}},"12":{"start":{"line":25,"column":15},"end":{"line":25,"column":58}},"13":{"start":{"line":27,"column":4},"end":{"line":27,"column":76}},"14":{"start":{"line":27,"column":13},"end":{"line":27,"column":76}},"15":{"start":{"line":29,"column":4},"end":{"line":29,"column":69}},"16":{"start":{"line":32,"column":17},"end":{"line":32,"column":41}},"17":{"start":{"line":33,"column":4},"end":{"line":33,"column":60}},"18":{"start":{"line":35,"column":4},"end":{"line":35,"column":22}},"19":{"start":{"line":38,"column":18},"end":{"line":38,"column":42}},"20":{"start":{"line":40,"column":4},"end":{"line":40,"column":28}},"21":{"start":{"line":43,"column":0},"end":{"line":53,"column":23}},"22":{"start":{"line":45,"column":8},"end":{"line":45,"column":36}},"23":{"start":{"line":46,"column":8},"end":{"line":46,"column":15}},"24":{"start":{"line":64,"column":0},"end":{"line":70,"column":3}},"25":{"start":{"line":67,"column":17},"end":{"line":67,"column":70}},"26":{"start":{"line":69,"column":4},"end":{"line":69,"column":19}},"27":{"start":{"line":77,"column":0},"end":{"line":102,"column":3}},"28":{"start":{"line":79,"column":20},"end":{"line":79,"column":46}},"29":{"start":{"line":82,"column":4},"end":{"line":82,"column":76}},"30":{"start":{"line":82,"column":14},"end":{"line":82,"column":76}},"31":{"start":{"line":85,"column":17},"end":{"line":85,"column":50}},"32":{"start":{"line":87,"column":26},"end":{"line":87,"column":79}},"33":{"start":{"line":89,"column":25},"end":{"line":89,"column":71}},"34":{"start":{"line":91,"column":4},"end":{"line":91,"column":87}},"35":{"start":{"line":91,"column":23},"end":{"line":91,"column":87}},"36":{"start":{"line":94,"column":4},"end":{"line":94,"column":112}},"37":{"start":{"line":94,"column":21},"end":{"line":94,"column":112}},"38":{"start":{"line":96,"column":4},"end":{"line":96,"column":38}},"39":{"start":{"line":97,"column":17},"end":{"line":97,"column":41}},"40":{"start":{"line":98,"column":4},"end":{"line":98,"column":60}},"41":{"start":{"line":99,"column":4},"end":{"line":99,"column":22}},"42":{"start":{"line":101,"column":4},"end":{"line":101,"column":43}},"43":{"start":{"line":107,"column":0},"end":{"line":121,"column":3}},"44":{"start":{"line":109,"column":20},"end":{"line":109,"column":42}},"45":{"start":{"line":112,"column":4},"end":{"line":112,"column":76}},"46":{"start":{"line":112,"column":14},"end":{"line":112,"column":76}},"47":{"start":{"line":115,"column":17},"end":{"line":117,"column":20}},"48":{"start":{"line":119,"column":18},"end":{"line":119,"column":42}},"49":{"start":{"line":120,"column":4},"end":{"line":120,"column":35}},"50":{"start":{"line":125,"column":0},"end":{"line":125,"column":24}}},"fnMap":{"0":{"name":"(anonymous_0)","decl":{"start":{"line":18,"column":17},"end":{"line":18,"column":18}},"loc":{"start":{"line":18,"column":36},"end":{"line":41,"column":1}},"line":18},"1":{"name":"(anonymous_1)","decl":{"start":{"line":44,"column":4},"end":{"line":44,"column":5}},"loc":{"start":{"line":44,"column":22},"end":{"line":47,"column":5}},"line":44},"2":{"name":"(anonymous_2)","decl":{"start":{"line":64,"column":24},"end":{"line":64,"column":25}},"loc":{"start":{"line":64,"column":43},"end":{"line":70,"column":1}},"line":64},"3":{"name":"(anonymous_3)","decl":{"start":{"line":77,"column":33},"end":{"line":77,"column":34}},"loc":{"start":{"line":77,"column":51},"end":{"line":102,"column":1}},"line":77},"4":{"name":"(anonymous_4)","decl":{"start":{"line":107,"column":28},"end":{"line":107,"column":29}},"loc":{"start":{"line":107,"column":46},"end":{"line":121,"column":1}},"line":107}},"branchMap":{"0":{"loc":{"start":{"line":23,"column":4},"end":{"line":23,"column":76}},"type":"if","locations":[{"start":{"line":23,"column":4},"end":{"line":23,"column":76}},{"start":{"line":23,"column":4},"end":{"line":23,"column":76}}],"line":23},"1":{"loc":{"start":{"line":27,"column":4},"end":{"line":27,"column":76}},"type":"if","locations":[{"start":{"line":27,"column":4},"end":{"line":27,"column":76}},{"start":{"line":27,"column":4},"end":{"line":27,"column":76}}],"line":27},"2":{"loc":{"start":{"line":82,"column":4},"end":{"line":82,"column":76}},"type":"if","locations":[{"start":{"line":82,"column":4},"end":{"line":82,"column":76}},{"start":{"line":82,"column":4},"end":{"line":82,"column":76}}],"line":82},"3":{"loc":{"start":{"line":91,"column":4},"end":{"line":91,"column":87}},"type":"if","locations":[{"start":{"line":91,"column":4},"end":{"line":91,"column":87}},{"start":{"line":91,"column":4},"end":{"line":91,"column":87}}],"line":91},"4":{"loc":{"start":{"line":94,"column":4},"end":{"line":94,"column":112}},"type":"if","locations":[{"start":{"line":94,"column":4},"end":{"line":94,"column":112}},{"start":{"line":94,"column":4},"end":{"line":94,"column":112}}],"line":94},"5":{"loc":{"start":{"line":112,"column":4},"end":{"line":112,"column":76}},"type":"if","locations":[{"start":{"line":112,"column":4},"end":{"line":112,"column":76}},{"start":{"line":112,"column":4},"end":{"line":112,"column":76}}],"line":112}},"s":{"0":2,"1":2,"2":2,"3":2,"4":2,"5":2,"6":2,"7":2,"8":2,"9":0,"10":0,"11":0,"12":0,"13":0,"14":0,"15":0,"16":0,"17":0,"18":0,"19":0,"20":0,"21":2,"22":0,"23":0,"24":2,"25":1,"26":1,"27":2,"28":0,"29":0,"30":0,"31":0,"32":0,"33":0,"34":0,"35":0,"36":0,"37":0,"38":0,"39":0,"40":0,"41":0,"42":0,"43":2,"44":0,"45":0,"46":0,"47":0,"48":0,"49":0,"50":2},"f":{"0":0,"1":0,"2":1,"3":0,"4":0},"b":{"0":[0,0],"1":[0,0],"2":[0,0],"3":[0,0],"4":[0,0],"5":[0,0]},"_coverageSchema":"1a1c01bbd47fc00a2c39e90264f33305004495a9","hash":"11a921313d201047404c6a69432db7c2c84dde90"}
,"/home/extreme/Web-Practice/DustBinz-Backend/startup/db.js": {"path":"/home/extreme/Web-Practice/DustBinz-Backend/startup/db.js","statementMap":{"0":{"start":{"line":1,"column":17},"end":{"line":1,"column":36}},"1":{"start":{"line":2,"column":0},"end":{"line":2,"column":27}},"2":{"start":{"line":3,"column":15},"end":{"line":3,"column":46}},"3":{"start":{"line":5,"column":0},"end":{"line":12,"column":1}},"4":{"start":{"line":7,"column":4},"end":{"line":8,"column":34}},"5":{"start":{"line":7,"column":40},"end":{"line":7,"column":69}},"6":{"start":{"line":8,"column":10},"end":{"line":8,"column":34}},"7":{"start":{"line":9,"column":4},"end":{"line":11,"column":64}},"8":{"start":{"line":10,"column":19},"end":{"line":10,"column":52}},"9":{"start":{"line":11,"column":20},"end":{"line":11,"column":63}}},"fnMap":{"0":{"name":"(anonymous_0)","decl":{"start":{"line":5,"column":17},"end":{"line":5,"column":18}},"loc":{"start":{"line":5,"column":21},"end":{"line":12,"column":1}},"line":5},"1":{"name":"(anonymous_1)","decl":{"start":{"line":10,"column":14},"end":{"line":10,"column":15}},"loc":{"start":{"line":10,"column":19},"end":{"line":10,"column":52}},"line":10},"2":{"name":"(anonymous_2)","decl":{"start":{"line":11,"column":15},"end":{"line":11,"column":16}},"loc":{"start":{"line":11,"column":20},"end":{"line":11,"column":63}},"line":11}},"branchMap":{"0":{"loc":{"start":{"line":7,"column":4},"end":{"line":8,"column":34}},"type":"if","locations":[{"start":{"line":7,"column":4},"end":{"line":8,"column":34}},{"start":{"line":7,"column":4},"end":{"line":8,"column":34}}],"line":7}},"s":{"0":2,"1":2,"2":2,"3":2,"4":2,"5":2,"6":0,"7":2,"8":2,"9":0},"f":{"0":2,"1":2,"2":0},"b":{"0":[2,0]},"_coverageSchema":"1a1c01bbd47fc00a2c39e90264f33305004495a9","hash":"02df4cf2b6512b7f92e63d577d1d5f053fd9544c"}
,"/home/extreme/Web-Practice/DustBinz-Backend/startup/logging.js": {"path":"/home/extreme/Web-Practice/DustBinz-Backend/startup/logging.js","statementMap":{"0":{"start":{"line":1,"column":15},"end":{"line":1,"column":46}},"1":{"start":{"line":4,"column":0},"end":{"line":21,"column":1}},"2":{"start":{"line":7,"column":4},"end":{"line":12,"column":6}},"3":{"start":{"line":8,"column":8},"end":{"line":10,"column":11}},"4":{"start":{"line":9,"column":12},"end":{"line":9,"column":28}},"5":{"start":{"line":15,"column":4},"end":{"line":19,"column":6}},"6":{"start":{"line":16,"column":8},"end":{"line":18,"column":11}},"7":{"start":{"line":17,"column":12},"end":{"line":17,"column":28}}},"fnMap":{"0":{"name":"(anonymous_0)","decl":{"start":{"line":4,"column":17},"end":{"line":4,"column":18}},"loc":{"start":{"line":4,"column":29},"end":{"line":21,"column":1}},"line":4},"1":{"name":"(anonymous_1)","decl":{"start":{"line":7,"column":36},"end":{"line":7,"column":37}},"loc":{"start":{"line":7,"column":42},"end":{"line":12,"column":5}},"line":7},"2":{"name":"(anonymous_2)","decl":{"start":{"line":8,"column":36},"end":{"line":8,"column":37}},"loc":{"start":{"line":8,"column":40},"end":{"line":10,"column":9}},"line":8},"3":{"name":"(anonymous_3)","decl":{"start":{"line":15,"column":37},"end":{"line":15,"column":38}},"loc":{"start":{"line":15,"column":43},"end":{"line":19,"column":5}},"line":15},"4":{"name":"(anonymous_4)","decl":{"start":{"line":16,"column":36},"end":{"line":16,"column":37}},"loc":{"start":{"line":16,"column":40},"end":{"line":18,"column":9}},"line":16}},"branchMap":{},"s":{"0":2,"1":2,"2":2,"3":0,"4":0,"5":2,"6":0,"7":0},"f":{"0":2,"1":0,"2":0,"3":0,"4":0},"b":{},"_coverageSchema":"1a1c01bbd47fc00a2c39e90264f33305004495a9","hash":"145be614981bbd1551e6b4888e151ef344d7cc3e"}
,"/home/extreme/Web-Practice/DustBinz-Backend/startup/routes.js": {"path":"/home/extreme/Web-Practice/DustBinz-Backend/startup/routes.js","statementMap":{"0":{"start":{"line":1,"column":14},"end":{"line":1,"column":40}},"1":{"start":{"line":2,"column":13},"end":{"line":2,"column":38}},"2":{"start":{"line":3,"column":14},"end":{"line":3,"column":44}},"3":{"start":{"line":4,"column":16},"end":{"line":4,"column":43}},"4":{"start":{"line":5,"column":13},"end":{"line":5,"column":38}},"5":{"start":{"line":6,"column":16},"end":{"line":6,"column":34}},"6":{"start":{"line":8,"column":0},"end":{"line":16,"column":1}},"7":{"start":{"line":9,"column":4},"end":{"line":9,"column":28}},"8":{"start":{"line":11,"column":4},"end":{"line":11,"column":33}},"9":{"start":{"line":12,"column":4},"end":{"line":12,"column":31}},"10":{"start":{"line":13,"column":4},"end":{"line":13,"column":37}},"11":{"start":{"line":14,"column":4},"end":{"line":14,"column":31}},"12":{"start":{"line":15,"column":4},"end":{"line":15,"column":19}}},"fnMap":{"0":{"name":"(anonymous_0)","decl":{"start":{"line":8,"column":17},"end":{"line":8,"column":18}},"loc":{"start":{"line":8,"column":24},"end":{"line":16,"column":1}},"line":8}},"branchMap":{},"s":{"0":2,"1":2,"2":2,"3":2,"4":2,"5":2,"6":2,"7":2,"8":2,"9":2,"10":2,"11":2,"12":2},"f":{"0":2},"b":{},"_coverageSchema":"1a1c01bbd47fc00a2c39e90264f33305004495a9","hash":"af5bb1f4deac1195b811ad85d75894dd2f37fe3b"}
}
