TN:
SF:index.js
FN:21,(anonymous_0)
FNF:1
FNH:1
FNDA:2,(anonymous_0)
DA:2,2
DA:3,2
DA:4,2
DA:5,2
DA:6,2
DA:7,2
DA:8,2
DA:11,2
DA:13,2
DA:15,2
DA:18,2
DA:20,2
DA:21,2
DA:22,2
DA:25,2
LF:15
LH:15
BRF:0
BRH:0
end_of_record
TN:
SF:config/passport.js
FN:14,(anonymous_0)
FNF:1
FNH:0
FNDA:0,(anonymous_0)
DA:1,2
DA:2,2
DA:3,2
DA:4,2
DA:5,2
DA:6,2
DA:8,2
DA:16,0
DA:18,0
DA:19,0
DA:21,0
DA:24,0
DA:26,0
DA:30,0
DA:36,0
DA:37,0
DA:38,0
DA:39,0
DA:41,0
LF:19
LH:7
BRDA:19,0,0,0
BRDA:19,0,1,0
BRF:2
BRH:0
end_of_record
TN:
SF:middleware/auth.js
FN:6,(anonymous_0)
FNF:1
FNH:1
FNDA:10,(anonymous_0)
DA:3,2
DA:4,2
DA:6,2
DA:7,10
DA:9,10
DA:11,9
DA:13,9
DA:14,8
DA:15,8
DA:19,1
LF:10
LH:10
BRDA:9,0,0,1
BRDA:9,0,1,9
BRF:2
BRH:2
end_of_record
TN:
SF:middleware/error.js
FN:3,(anonymous_0)
FNF:1
FNH:0
FNDA:0,(anonymous_0)
DA:1,2
DA:3,2
DA:5,0
DA:6,0
DA:7,0
DA:10,0
LF:6
LH:2
BRF:0
BRH:0
end_of_record
TN:
SF:middleware/logger.js
FNF:0
FNH:0
DA:1,2
DA:2,2
DA:3,2
DA:5,2
DA:19,2
DA:20,2
DA:25,2
DA:32,2
DA:35,2
DA:36,0
DA:40,2
LF:11
LH:10
BRDA:19,0,0,2
BRDA:19,0,1,0
BRDA:35,1,0,0
BRDA:35,1,1,2
BRF:4
BRH:2
end_of_record
TN:
SF:models/bin.js
FN:26,(anonymous_0)
FN:52,(anonymous_1)
FNF:2
FNH:2
FNDA:3,(anonymous_0)
FNDA:7,(anonymous_1)
DA:1,2
DA:2,2
DA:3,2
DA:5,2
DA:26,3
DA:45,2
DA:52,2
DA:54,7
DA:61,7
DA:64,2
DA:65,2
LF:11
LH:11
BRDA:26,0,0,3
BRDA:26,0,1,3
BRF:2
BRH:2
end_of_record
TN:
SF:models/user.js
FN:63,(anonymous_0)
FN:73,(anonymous_1)
FN:91,(anonymous_2)
FN:102,(anonymous_3)
FN:113,(anonymous_4)
FN:123,(anonymous_5)
FNF:6
FNH:1
FNDA:0,(anonymous_0)
FNDA:11,(anonymous_1)
FNDA:0,(anonymous_2)
FNDA:0,(anonymous_3)
FNDA:0,(anonymous_4)
FNDA:0,(anonymous_5)
DA:1,3
DA:2,3
DA:3,3
DA:4,3
DA:5,3
DA:6,3
DA:13,3
DA:63,3
DA:65,0
DA:73,3
DA:74,11
DA:83,11
DA:91,3
DA:92,0
DA:96,3
DA:102,3
DA:104,0
DA:110,0
DA:113,3
DA:115,0
DA:120,0
DA:123,3
DA:124,0
DA:129,0
DA:133,3
DA:134,3
DA:135,3
DA:136,3
LF:28
LH:20
BRF:0
BRH:0
end_of_record
TN:
SF:routes/auth.js
FN:8,(anonymous_0)
FN:26,(anonymous_1)
FN:36,(anonymous_2)
FNF:3
FNH:0
FNDA:0,(anonymous_0)
FNDA:0,(anonymous_1)
FNDA:0,(anonymous_2)
DA:1,2
DA:2,2
DA:3,2
DA:4,2
DA:5,2
DA:6,2
DA:8,2
DA:10,0
DA:11,0
DA:13,0
DA:14,0
DA:16,0
DA:17,0
DA:19,0
DA:20,0
DA:24,2
DA:28,0
DA:30,0
DA:31,0
DA:33,0
DA:36,2
DA:38,0
DA:43,0
DA:46,2
LF:24
LH:10
BRDA:11,0,0,0
BRDA:11,0,1,0
BRDA:14,1,0,0
BRDA:14,1,1,0
BRDA:17,2,0,0
BRDA:17,2,1,0
BRDA:30,3,0,0
BRDA:30,3,1,0
BRF:8
BRH:0
end_of_record
TN:
SF:routes/bins.js
FN:13,(anonymous_0)
FNF:1
FNH:1
FNDA:7,(anonymous_0)
DA:1,2
DA:2,2
DA:3,2
DA:4,2
DA:5,2
DA:6,2
DA:13,2
DA:15,7
DA:17,7
DA:19,3
DA:21,3
DA:22,3
DA:24,3
DA:25,3
DA:30,3
DA:32,3
DA:36,2
LF:17
LH:17
BRDA:17,0,0,4
BRDA:17,0,1,3
BRF:2
BRH:2
end_of_record
TN:
SF:routes/upload.js
FN:18,(anonymous_0)
FN:35,(anonymous_1)
FNF:2
FNH:0
FNDA:0,(anonymous_0)
FNDA:0,(anonymous_1)
DA:1,2
DA:2,2
DA:3,2
DA:5,2
DA:6,2
DA:7,2
DA:8,2
DA:9,2
DA:11,2
DA:12,2
DA:17,2
DA:19,0
DA:24,2
DA:27,2
DA:35,2
DA:37,0
DA:39,0
DA:40,0
DA:41,0
DA:42,0
DA:50,0
DA:51,0
DA:53,0
DA:56,0
DA:57,0
DA:61,0
DA:65,0
DA:67,0
DA:72,0
DA:73,0
DA:75,0
DA:81,2
LF:32
LH:15
BRDA:37,0,0,0
BRDA:37,0,1,0
BRDA:53,1,0,0
BRDA:53,1,1,0
BRDA:56,2,0,0
BRDA:56,2,1,0
BRF:6
BRH:0
end_of_record
TN:
SF:routes/users.js
FN:18,(anonymous_0)
FN:44,(anonymous_1)
FN:64,(anonymous_2)
FN:77,(anonymous_3)
FN:107,(anonymous_4)
FNF:5
FNH:1
FNDA:0,(anonymous_0)
FNDA:0,(anonymous_1)
FNDA:1,(anonymous_2)
FNDA:0,(anonymous_3)
FNDA:0,(anonymous_4)
DA:1,2
DA:2,2
DA:6,2
DA:7,2
DA:8,2
DA:9,2
DA:10,2
DA:11,2
DA:18,2
DA:21,0
DA:23,0
DA:25,0
DA:27,0
DA:29,0
DA:32,0
DA:33,0
DA:35,0
DA:38,0
DA:40,0
DA:43,2
DA:45,0
DA:46,0
DA:64,2
DA:67,1
DA:69,1
DA:77,2
DA:79,0
DA:82,0
DA:85,0
DA:87,0
DA:89,0
DA:91,0
DA:94,0
DA:96,0
DA:97,0
DA:98,0
DA:99,0
DA:101,0
DA:107,2
DA:109,0
DA:112,0
DA:115,0
DA:119,0
DA:120,0
DA:125,2
LF:45
LH:16
BRDA:23,0,0,0
BRDA:23,0,1,0
BRDA:27,1,0,0
BRDA:27,1,1,0
BRDA:82,2,0,0
BRDA:82,2,1,0
BRDA:91,3,0,0
BRDA:91,3,1,0
BRDA:94,4,0,0
BRDA:94,4,1,0
BRDA:112,5,0,0
BRDA:112,5,1,0
BRF:12
BRH:0
end_of_record
TN:
SF:startup/db.js
FN:5,(anonymous_0)
FN:10,(anonymous_1)
FN:11,(anonymous_2)
FNF:3
FNH:2
FNDA:2,(anonymous_0)
FNDA:2,(anonymous_1)
FNDA:0,(anonymous_2)
DA:1,2
DA:2,2
DA:3,2
DA:5,2
DA:7,2
DA:8,0
DA:9,2
DA:10,2
DA:11,0
LF:9
LH:7
BRDA:7,0,0,2
BRDA:7,0,1,0
BRF:2
BRH:1
end_of_record
TN:
SF:startup/logging.js
FN:4,(anonymous_0)
FN:7,(anonymous_1)
FN:8,(anonymous_2)
FN:15,(anonymous_3)
FN:16,(anonymous_4)
FNF:5
FNH:1
FNDA:2,(anonymous_0)
FNDA:0,(anonymous_1)
FNDA:0,(anonymous_2)
FNDA:0,(anonymous_3)
FNDA:0,(anonymous_4)
DA:1,2
DA:4,2
DA:7,2
DA:8,0
DA:9,0
DA:15,2
DA:16,0
DA:17,0
LF:8
LH:4
BRF:0
BRH:0
end_of_record
TN:
SF:startup/routes.js
FN:8,(anonymous_0)
FNF:1
FNH:1
FNDA:2,(anonymous_0)
DA:1,2
DA:2,2
DA:3,2
DA:4,2
DA:5,2
DA:6,2
DA:8,2
DA:9,2
DA:11,2
DA:12,2
DA:13,2
DA:14,2
DA:15,2
LF:13
LH:13
BRF:0
BRH:0
end_of_record
