TN:
SF:index.js
FN:17,(anonymous_0)
FNF:1
FNH:1
FNDA:1,(anonymous_0)
DA:2,1
DA:3,1
DA:4,1
DA:5,1
DA:6,1
DA:9,1
DA:11,1
DA:13,1
DA:16,1
DA:17,1
DA:18,1
DA:21,1
LF:12
LH:12
BRF:0
BRH:0
end_of_record
TN:
SF:middleware/auth.js
FN:6,(anonymous_0)
FNF:1
FNH:1
FNDA:3,(anonymous_0)
DA:3,1
DA:4,1
DA:6,1
DA:7,3
DA:9,3
DA:11,2
DA:13,2
DA:14,1
DA:15,1
DA:19,1
LF:10
LH:10
BRDA:9,0,0,1
BRDA:9,0,1,2
BRF:2
BRH:2
end_of_record
TN:
SF:middleware/error.js
FN:3,(anonymous_0)
FNF:1
FNH:0
FNDA:0,(anonymous_0)
DA:1,1
DA:3,1
DA:5,0
DA:6,0
LF:4
LH:2
BRF:0
BRH:0
end_of_record
TN:
SF:middleware/logger.js
FNF:0
FNH:0
DA:1,1
DA:2,1
DA:3,1
DA:5,1
DA:19,1
DA:20,1
DA:25,1
DA:32,1
DA:35,1
DA:36,0
DA:40,1
LF:11
LH:10
BRDA:19,0,0,1
BRDA:19,0,1,0
BRDA:35,1,0,0
BRDA:35,1,1,1
BRF:4
BRH:2
end_of_record
TN:
SF:models/user.js
FN:48,(anonymous_0)
FN:60,(anonymous_1)
FN:71,(anonymous_2)
FNF:3
FNH:1
FNDA:4,(anonymous_0)
FNDA:0,(anonymous_1)
FNDA:0,(anonymous_2)
DA:1,2
DA:2,2
DA:3,2
DA:4,2
DA:5,2
DA:6,2
DA:13,2
DA:48,2
DA:49,4
DA:52,4
DA:60,2
DA:61,0
DA:65,2
DA:71,2
DA:73,0
DA:79,0
DA:83,2
DA:84,2
LF:18
LH:15
BRF:0
BRH:0
end_of_record
TN:
SF:routes/auth.js
FN:9,(anonymous_0)
FN:24,(anonymous_1)
FNF:2
FNH:0
FNDA:0,(anonymous_0)
FNDA:0,(anonymous_1)
DA:1,1
DA:2,1
DA:3,1
DA:4,1
DA:5,1
DA:6,1
DA:9,1
DA:11,0
DA:12,0
DA:14,0
DA:15,0
DA:17,0
DA:18,0
DA:20,0
DA:21,0
DA:24,1
DA:26,0
DA:31,0
DA:34,1
LF:19
LH:9
BRDA:12,0,0,0
BRDA:12,0,1,0
BRDA:15,1,0,0
BRDA:15,1,1,0
BRDA:18,2,0,0
BRDA:18,2,1,0
BRF:6
BRH:0
end_of_record
TN:
SF:routes/users.js
FN:13,(anonymous_0)
FN:42,(anonymous_1)
FNF:2
FNH:1
FNDA:0,(anonymous_0)
FNDA:1,(anonymous_1)
DA:1,1
DA:2,1
DA:3,1
DA:4,1
DA:5,1
DA:6,1
DA:13,1
DA:16,0
DA:18,0
DA:20,0
DA:22,0
DA:24,0
DA:27,0
DA:28,0
DA:30,0
DA:33,0
DA:35,0
DA:42,1
DA:45,1
DA:47,1
DA:52,1
LF:21
LH:11
BRDA:18,0,0,0
BRDA:18,0,1,0
BRDA:22,1,0,0
BRDA:22,1,1,0
BRF:4
BRH:0
end_of_record
TN:
SF:startup/db.js
FN:5,(anonymous_0)
FN:10,(anonymous_1)
FN:11,(anonymous_2)
FNF:3
FNH:2
FNDA:1,(anonymous_0)
FNDA:1,(anonymous_1)
FNDA:0,(anonymous_2)
DA:1,1
DA:2,1
DA:3,1
DA:5,1
DA:7,1
DA:8,0
DA:9,1
DA:10,1
DA:11,0
LF:9
LH:7
BRDA:7,0,0,1
BRDA:7,0,1,0
BRF:2
BRH:1
end_of_record
TN:
SF:startup/logging.js
FN:4,(anonymous_0)
FN:7,(anonymous_1)
FN:8,(anonymous_2)
FN:15,(anonymous_3)
FN:16,(anonymous_4)
FNF:5
FNH:1
FNDA:1,(anonymous_0)
FNDA:0,(anonymous_1)
FNDA:0,(anonymous_2)
FNDA:0,(anonymous_3)
FNDA:0,(anonymous_4)
DA:1,1
DA:4,1
DA:7,1
DA:8,0
DA:9,0
DA:15,1
DA:16,0
DA:17,0
LF:8
LH:4
BRF:0
BRH:0
end_of_record
TN:
SF:startup/routes.js
FN:6,(anonymous_0)
FNF:1
FNH:1
FNDA:1,(anonymous_0)
DA:1,1
DA:2,1
DA:3,1
DA:4,1
DA:6,1
DA:7,1
DA:9,1
DA:10,1
DA:11,1
LF:9
LH:9
BRF:0
BRH:0
end_of_record
